2.786
2.169
2.0304444444444476
1.999875
1.9451999999999985
1.9346111111111135
1.8959591836734657
1.8350625
1.837654320987659
1.8095323456790116
1.8181032547699256
1.8265262345679054
1.8335758729636873
1.8324133925869266
1.8379717145823904
1.852225915971281
1.8612590312394464
1.8536494793576956
1.863616819735928
1.8517033709824664
1.8484546634994703
1.8461332583533936
1.843843845927014
1.852344515429222
1.8546330154292179
1.8492954769676808
1.8560635997913593
1.8552421712199296
1.8618298310757864
1.8605066496779816
1.8682696696802925
1.872374288892052
1.87438864050477
1.8789452366645427
1.8787441322227671
1.8769526683779723
1.876310434928305
1.87877354871215
1.881199305567692
1.8733192406433037
1.869887911821172
1.8678044614670088
1.8629412927995015
1.855678050215843
1.851787124800069
1.8503484415169102
1.8471835365611577
1.8471696366693044
1.848914403389765
1.8356445325026338
1.831990139884412
1.828562391055445
1.826192548821796
1.827123769310907
1.8258540863987298
1.8223171490990169
1.8211315380240267
1.8242035828752876
1.8211566429899746
1.82037915743346
1.8218064513210062
1.8263102717781203
1.8260764095277804
1.8290812645369134
1.8272977417466034
1.825530062044797
1.8256526626227627
1.8274286057971976
1.8298855183631793
1.8343457737545636
1.8389242421504512
1.8347766723616081
1.8372958578717105
1.8393549522244397
1.8420045593667167
1.8425963716166422
1.8434475562721824
1.8427222997881851
1.8409499867632797
1.8392656606837268
1.8369669881299986
1.8391141869662344
1.839927623175613
1.838473749859218
1.839874068064933
1.840662597879044
1.8401504689031591
1.840648689406756
1.8406595188422654
1.842685072948323
1.8448967226715483
1.845150922363193
1.8476688821686347
1.8487216907867798
1.8498753231820821
1.8517761484360076
1.8514589445925003
1.8520470416757262
1.853602154603751
1.8532998340854354
1.855733977757626
1.856214180073996
1.8557139985128457
1.8567975914667465
1.8557068633273635
1.8577493822635007
1.8584291412087153
1.858633564495935
1.8559363719345636
1.8539314524054293
1.8545654664686315
1.854615947986415
1.8548356590267663
1.8560809171386785
1.8557862856772616
1.8553092845151755
1.856204183441545
1.8556814180496555
1.8543935329917831
1.8522541829674588
1.8513244562961644
1.8509248650010657
1.8508507133298218
1.8516977681484947
1.8515287544377756
1.8518671370792483
1.8537140696766148
1.8539795415229887
1.8558097943286176
1.8554957603517974
1.8544268338847725
1.854542185944874
1.8555472962786537
1.8555445323600763
1.8542804688865244
1.8537816670664748
1.852344159893811
1.8530639592767726
1.8557637102075561
1.857211908356127
1.8568900114727334
1.8591262784195668
1.8597924679564288
1.8593860609535608
1.8609463917849105
1.8617526765672785
1.8609709597506634
1.8597951066487814
1.859679963218032
1.8590563537790181
1.8596693231867918
1.8602531840214012
1.8591613967256855
1.8586227056014932
1.8582156624974289
1.8582423029819106
1.8585500899986755
1.8566370254124547
1.8557948835782603
1.855127207402228
1.8550887569994414
1.8555600915471269
1.8564839181261024
1.8563738203659887
1.8570757981231165
1.856009227938499
1.8563321961981751
1.8557812091538726
1.8542257831421278
1.8543850636452561
1.8536134514057696
1.8523123263435337
1.8524115724776289
1.851926388568051
1.851849861574217
1.8521587722463388
1.8526132600346794
1.8529160105606584
1.8538042104971422
1.8535474781064285
1.8536243067976494
1.8537589134159393
1.8535991442517394
1.8528026427441195
1.8518291156242326
1.850968120730528
1.85035285940138
1.849883102004477
1.8496865411170464
1.8491015724048474
1.849182734307439
1.849801501722505
1.8503874938546676
1.849890956128976
1.8504596680502017
1.8503960637854866
1.8509835635060552
1.8505100370704333
1.8504877734903542
1.8505203397538332
